c:\users\lcv2242596\downloads\pix\pix\x64\debug\vc143.pdb
c:\users\lcv2242596\downloads\pix\pix\x64\debug\vc143.idb
c:\users\lcv2242596\downloads\pix\pix\x64\debug\winmain.obj
c:\users\lcv2242596\downloads\pix\pix\x64\debug\viewport.obj
c:\users\lcv2242596\downloads\pix\pix\x64\debug\variablecache.obj
c:\users\lcv2242596\downloads\pix\pix\x64\debug\texteditor.obj
c:\users\lcv2242596\downloads\pix\pix\x64\debug\scriptparser.obj
c:\users\lcv2242596\downloads\pix\pix\x64\debug\rasterizer.obj
c:\users\lcv2242596\downloads\pix\pix\x64\debug\pixeditor.obj
c:\users\lcv2242596\downloads\pix\pix\x64\debug\graphics.obj
c:\users\lcv2242596\downloads\pix\pix\x64\debug\commanddictionary.obj
c:\users\lcv2242596\downloads\pix\pix\x64\debug\cmdvarfloat.obj
c:\users\lcv2242596\downloads\pix\pix\x64\debug\cmdsetresolution.obj
c:\users\lcv2242596\downloads\pix\pix\x64\debug\cmdsetcolor.obj
c:\users\lcv2242596\downloads\pix\pix\x64\debug\cmddrawpixel.obj
c:\users\lcv2242596\downloads\pix\pix\x64\debug\pix.ilk
c:\users\lcv2242596\downloads\pix\x64\debug\pix.exe
c:\users\lcv2242596\downloads\pix\x64\debug\pix.pdb
c:\users\lcv2242596\downloads\pix\x64\debug\pix.lib
c:\users\lcv2242596\downloads\pix\x64\debug\pix.exp
c:\users\lcv2242596\source\repos\vgp240\pix\pix\x64\debug\cmddrawpixel.obj
c:\users\lcv2242596\source\repos\vgp240\pix\pix\x64\debug\cmdsetcolor.obj
c:\users\lcv2242596\source\repos\vgp240\pix\pix\x64\debug\cmdsetresolution.obj
c:\users\lcv2242596\source\repos\vgp240\pix\pix\x64\debug\cmdvarfloat.obj
c:\users\lcv2242596\source\repos\vgp240\pix\pix\x64\debug\commanddictionary.obj
c:\users\lcv2242596\source\repos\vgp240\pix\pix\x64\debug\graphics.obj
c:\users\lcv2242596\source\repos\vgp240\pix\pix\x64\debug\pixeditor.obj
c:\users\lcv2242596\source\repos\vgp240\pix\pix\x64\debug\rasterizer.obj
c:\users\lcv2242596\source\repos\vgp240\pix\pix\x64\debug\scriptparser.obj
c:\users\lcv2242596\source\repos\vgp240\pix\pix\x64\debug\texteditor.obj
c:\users\lcv2242596\source\repos\vgp240\pix\pix\x64\debug\variablecache.obj
c:\users\lcv2242596\source\repos\vgp240\pix\pix\x64\debug\viewport.obj
c:\users\lcv2242596\source\repos\vgp240\pix\pix\x64\debug\winmain.obj
c:\users\lcv2242596\source\repos\vgp240\pix\pix\x64\debug\pix.ilk
c:\users\lcv2242596\source\repos\vgp240\pix\pix\x64\debug\vc143.idb
c:\users\lcv2242596\source\repos\vgp240\pix\pix\x64\debug\vc143.pdb
c:\users\lcv2242596\source\repos\vgp240\pix\x64\debug\pix.pdb
c:\users\lcv2242596\source\repos\vgp240\pix\x64\debug\pix.exe
c:\users\lcv2242596\source\repos\vgp240\pix\pix\x64\debug\pix.tlog\cl.command.1.tlog
c:\users\lcv2242596\source\repos\vgp240\pix\pix\x64\debug\pix.tlog\cl.items.tlog
c:\users\lcv2242596\source\repos\vgp240\pix\pix\x64\debug\pix.tlog\cl.read.1.tlog
c:\users\lcv2242596\source\repos\vgp240\pix\pix\x64\debug\pix.tlog\cl.write.1.tlog
c:\users\lcv2242596\source\repos\vgp240\pix\pix\x64\debug\pix.tlog\link.command.1.tlog
c:\users\lcv2242596\source\repos\vgp240\pix\pix\x64\debug\pix.tlog\link.read.1.tlog
c:\users\lcv2242596\source\repos\vgp240\pix\pix\x64\debug\pix.tlog\link.write.1.tlog
c:\users\lcv2242596\source\repos\vgp240\pix\pix\x64\debug\pix.tlog\link.write.2u.tlog
